sample.interval=20000
"as.character" "factor" "as.factor" "split.default" "split" "lapply" "split.data.frame" "split" "standardAnalyzer" "fun" "eventAnalyzer" "standardGeneric" "eventAnalyzer" 
"rbind" "rbind" "addFactorValue" "standardGeneric" "addFactorValue" "FUN" "apply" "FUN" "lapply" "FUN" "lapply" "standardAnalyzer" "fun" "eventAnalyzer" "standardGeneric" "eventAnalyzer" 
"data.frame" "addFactorValue" "standardGeneric" "addFactorValue" "FUN" "apply" "FUN" "lapply" "FUN" "lapply" "standardAnalyzer" "fun" "eventAnalyzer" "standardGeneric" "eventAnalyzer" 
"<Anonymous>" "[[.data.frame" "[[" "rbind" "rbind" "addFactorValue" "standardGeneric" "addFactorValue" "FUN" "apply" "FUN" "lapply" "FUN" "lapply" "standardAnalyzer" "fun" "eventAnalyzer" "standardGeneric" "eventAnalyzer" 
"assign" "loadMethod" "standardGeneric" "loadMethod" "standardGeneric" "addFactorValue" "FUN" "apply" "FUN" "lapply" "FUN" "lapply" "standardAnalyzer" "fun" "eventAnalyzer" "standardGeneric" "eventAnalyzer" 
".set_row_names" "as.data.frame.numeric" "as.data.frame" "data.frame" "addFactorValue" "standardGeneric" "addFactorValue" "FUN" "apply" "FUN" "lapply" "FUN" "lapply" "standardAnalyzer" "fun" "eventAnalyzer" "standardGeneric" "eventAnalyzer" 
".set_row_names" "as.data.frame.numeric" "as.data.frame" "data.frame" "addFactorValue" "standardGeneric" "addFactorValue" "FUN" "apply" "FUN" "lapply" "FUN" "lapply" "standardAnalyzer" "fun" "eventAnalyzer" "standardGeneric" "eventAnalyzer" 
".set_row_names" "as.data.frame.numeric" "as.data.frame" "data.frame" "addFactorValue" "standardGeneric" "addFactorValue" "FUN" "apply" "FUN" "lapply" "FUN" "lapply" "standardAnalyzer" "fun" "eventAnalyzer" "standardGeneric" "eventAnalyzer" 
"%in%" "[[.data.frame" "[[" "$.data.frame" "$" "which" "addFactorValue" "standardGeneric" "addFactorValue" "FUN" "apply" "FUN" "lapply" "FUN" "lapply" "standardAnalyzer" "fun" "eventAnalyzer" "standardGeneric" "eventAnalyzer" 
"rbind" "rbind" "addFactorValue" "standardGeneric" "addFactorValue" "FUN" "apply" "FUN" "lapply" "FUN" "lapply" "standardAnalyzer" "fun" "eventAnalyzer" "standardGeneric" "eventAnalyzer" 
"structure" "rbind" "rbind" "addFactorValue" "standardGeneric" "addFactorValue" "FUN" "apply" "FUN" "lapply" "FUN" "lapply" "standardAnalyzer" "fun" "eventAnalyzer" "standardGeneric" "eventAnalyzer" 
"names" "names" "rbind" "rbind" "addFactorValue" "standardGeneric" "addFactorValue" "FUN" "apply" "FUN" "lapply" "FUN" "lapply" "standardAnalyzer" "fun" "eventAnalyzer" "standardGeneric" "eventAnalyzer" 
".deparseOpts" "deparse" "mode" "match" "%in%" "deparse" "as.data.frame.character" "as.data.frame" "data.frame" "addFactorValue" "standardGeneric" "addFactorValue" "FUN" "apply" "FUN" "lapply" "FUN" "lapply" "standardAnalyzer" "fun" "eventAnalyzer" "standardGeneric" "eventAnalyzer" 
"rbind" "rbind" "addFactorValue" "standardGeneric" "addFactorValue" "FUN" "apply" "FUN" "lapply" "FUN" "lapply" "standardAnalyzer" "fun" "eventAnalyzer" "standardGeneric" "eventAnalyzer" 
"rbind" "rbind" "addFactorValue" "standardGeneric" "addFactorValue" "FUN" "apply" "FUN" "lapply" "FUN" "lapply" "standardAnalyzer" "fun" "eventAnalyzer" "standardGeneric" "eventAnalyzer" 
"addFactorValue" "FUN" "apply" "FUN" "lapply" "FUN" "lapply" "standardAnalyzer" "fun" "eventAnalyzer" "standardGeneric" "eventAnalyzer" 
"rbind" "rbind" "addFactorValue" "standardGeneric" "addFactorValue" "FUN" "apply" "FUN" "lapply" "FUN" "lapply" "standardAnalyzer" "fun" "eventAnalyzer" "standardGeneric" "eventAnalyzer" 
"loadMethod" "standardGeneric" "loadMethod" "standardGeneric" "addFactorValue" "FUN" "apply" "FUN" "lapply" "FUN" "lapply" "standardAnalyzer" "fun" "eventAnalyzer" "standardGeneric" "eventAnalyzer" 
"rbind" "rbind" "addFactorValue" "standardGeneric" "addFactorValue" "FUN" "apply" "FUN" "lapply" "FUN" "lapply" "standardAnalyzer" "fun" "eventAnalyzer" "standardGeneric" "eventAnalyzer" 
"match.call" "stopifnot" "var" "sd" "fun" "cbind" "FUN" "lapply" "FUN" "lapply" "standardAnalyzer" "fun" "eventAnalyzer" "standardGeneric" "eventAnalyzer" 
"match" "%in%" "deparse" "mode" "match" "%in%" "deparse" "paste" "force" "as.data.frame.numeric" "as.data.frame" "data.frame" "addFactorValue" "standardGeneric" "addFactorValue" "FUN" "apply" "FUN" "lapply" "FUN" "lapply" "standardAnalyzer" "fun" "eventAnalyzer" "standardGeneric" "eventAnalyzer" 
"rbind" "rbind" "addFactorValue" "standardGeneric" "addFactorValue" "FUN" "apply" "FUN" "lapply" "FUN" "lapply" "standardAnalyzer" "fun" "eventAnalyzer" "standardGeneric" "eventAnalyzer" 
"rbind" "rbind" "addFactorValue" "standardGeneric" "addFactorValue" "FUN" "apply" "FUN" "lapply" "FUN" "lapply" "standardAnalyzer" "fun" "eventAnalyzer" "standardGeneric" "eventAnalyzer" 
"match" "%in%" "deparse" "as.data.frame.character" "as.data.frame" "data.frame" "addFactorValue" "standardGeneric" "addFactorValue" "FUN" "apply" "FUN" "lapply" "FUN" "lapply" "standardAnalyzer" "fun" "eventAnalyzer" "standardGeneric" "eventAnalyzer" 
"seq.int" "rbind" "rbind" "addFactorValue" "standardGeneric" "addFactorValue" "FUN" "apply" "FUN" "lapply" "FUN" "lapply" "standardAnalyzer" "fun" "eventAnalyzer" "standardGeneric" "eventAnalyzer" 
"rbind" "rbind" "addFactorValue" "standardGeneric" "addFactorValue" "FUN" "apply" "FUN" "lapply" "FUN" "lapply" "standardAnalyzer" "fun" "eventAnalyzer" "standardGeneric" "eventAnalyzer" 
".deparseOpts" "deparse" "as.data.frame.character" "as.data.frame" "data.frame" "addFactorValue" "standardGeneric" "addFactorValue" "FUN" "apply" "FUN" "lapply" "FUN" "lapply" "standardAnalyzer" "fun" "eventAnalyzer" "standardGeneric" "eventAnalyzer" 
"rbind" "rbind" "addFactorValue" "standardGeneric" "addFactorValue" "FUN" "apply" "FUN" "lapply" "FUN" "lapply" "standardAnalyzer" "fun" "eventAnalyzer" "standardGeneric" "eventAnalyzer" 
"rbind" "rbind" "addFactorValue" "standardGeneric" "addFactorValue" "FUN" "apply" "FUN" "lapply" "FUN" "lapply" "standardAnalyzer" "fun" "eventAnalyzer" "standardGeneric" "eventAnalyzer" 
"as.character" "data.frame" "addFactorValue" "standardGeneric" "addFactorValue" "FUN" "apply" "FUN" "lapply" "FUN" "lapply" "standardAnalyzer" "fun" "eventAnalyzer" "standardGeneric" "eventAnalyzer" 
"pmatch" ".deparseOpts" "deparse" "as.data.frame.character" "as.data.frame" "data.frame" "addFactorValue" "standardGeneric" "addFactorValue" "FUN" "apply" "FUN" "lapply" "FUN" "lapply" "standardAnalyzer" "fun" "eventAnalyzer" "standardGeneric" "eventAnalyzer" 
"==" "addFactorValue" "standardGeneric" "addFactorValue" "FUN" "apply" "FUN" "lapply" "FUN" "lapply" "standardAnalyzer" "fun" "eventAnalyzer" "standardGeneric" "eventAnalyzer" 
"==" "addFactorValue" "standardGeneric" "addFactorValue" "FUN" "apply" "FUN" "lapply" "FUN" "lapply" "standardAnalyzer" "fun" "eventAnalyzer" "standardGeneric" "eventAnalyzer" 
"match" "%in%" "addFactorValue" "standardGeneric" "addFactorValue" "FUN" "apply" "FUN" "lapply" "FUN" "lapply" "standardAnalyzer" "fun" "eventAnalyzer" "standardGeneric" "eventAnalyzer" 
"data.frame" "addFactorValue" "standardGeneric" "addFactorValue" "FUN" "apply" "FUN" "lapply" "FUN" "lapply" "standardAnalyzer" "fun" "eventAnalyzer" "standardGeneric" "eventAnalyzer" 
"deparse" "mode" "match" "%in%" "deparse" "as.data.frame.character" "as.data.frame" "data.frame" "addFactorValue" "standardGeneric" "addFactorValue" "FUN" "apply" "FUN" "lapply" "FUN" "lapply" "standardAnalyzer" "fun" "eventAnalyzer" "standardGeneric" "eventAnalyzer" 
"deparse" "mode" "match" "%in%" "deparse" "paste" "force" "as.data.frame.numeric" "as.data.frame" "data.frame" "addFactorValue" "standardGeneric" "addFactorValue" "FUN" "apply" "FUN" "lapply" "FUN" "lapply" "standardAnalyzer" "fun" "eventAnalyzer" "standardGeneric" "eventAnalyzer" 
"rbind" "rbind" "addFactorValue" "standardGeneric" "addFactorValue" "FUN" "apply" "FUN" "lapply" "FUN" "lapply" "standardAnalyzer" "fun" "eventAnalyzer" "standardGeneric" "eventAnalyzer" 
"rbind" "rbind" "addFactorValue" "standardGeneric" "addFactorValue" "FUN" "apply" "FUN" "lapply" "FUN" "lapply" "standardAnalyzer" "fun" "eventAnalyzer" "standardGeneric" "eventAnalyzer" 
"rbind" "rbind" "addFactorValue" "standardGeneric" "addFactorValue" "FUN" "apply" "FUN" "lapply" "FUN" "lapply" "standardAnalyzer" "fun" "eventAnalyzer" "standardGeneric" "eventAnalyzer" 
"rbind" "rbind" "addFactorValue" "standardGeneric" "addFactorValue" "FUN" "apply" "FUN" "lapply" "FUN" "lapply" "standardAnalyzer" "fun" "eventAnalyzer" "standardGeneric" "eventAnalyzer" 
"rbind" "rbind" "addFactorValue" "standardGeneric" "addFactorValue" "FUN" "apply" "FUN" "lapply" "FUN" "lapply" "standardAnalyzer" "fun" "eventAnalyzer" "standardGeneric" "eventAnalyzer" 
"deparse" "paste" "force" "as.data.frame.numeric" "as.data.frame" "data.frame" "addFactorValue" "standardGeneric" "addFactorValue" "FUN" "apply" "FUN" "lapply" "FUN" "lapply" "standardAnalyzer" "fun" "eventAnalyzer" "standardGeneric" "eventAnalyzer" 
"==" "addFactorValue" "standardGeneric" "addFactorValue" "FUN" "apply" "FUN" "lapply" "FUN" "lapply" "standardAnalyzer" "fun" "eventAnalyzer" "standardGeneric" "eventAnalyzer" 
"any" ".deparseOpts" "deparse" "as.data.frame.character" "as.data.frame" "data.frame" "addFactorValue" "standardGeneric" "addFactorValue" "FUN" "apply" "FUN" "lapply" "FUN" "lapply" "standardAnalyzer" "fun" "eventAnalyzer" "standardGeneric" "eventAnalyzer" 
"as.data.frame.numeric" "as.data.frame" "data.frame" "addFactorValue" "standardGeneric" "addFactorValue" "FUN" "apply" "FUN" "lapply" "FUN" "lapply" "standardAnalyzer" "fun" "eventAnalyzer" "standardGeneric" "eventAnalyzer" 
".deparseOpts" "deparse" "mode" "match" "%in%" "deparse" "as.data.frame.character" "as.data.frame" "data.frame" "addFactorValue" "standardGeneric" "addFactorValue" "FUN" "apply" "FUN" "lapply" "FUN" "lapply" "standardAnalyzer" "fun" "eventAnalyzer" "standardGeneric" "eventAnalyzer" 
"rbind" "rbind" "addFactorValue" "standardGeneric" "addFactorValue" "FUN" "apply" "FUN" "lapply" "FUN" "lapply" "standardAnalyzer" "fun" "eventAnalyzer" "standardGeneric" "eventAnalyzer" 
"unlist" "data.frame" "addFactorValue" "standardGeneric" "addFactorValue" "FUN" "apply" "FUN" "lapply" "FUN" "lapply" "standardAnalyzer" "fun" "eventAnalyzer" "standardGeneric" "eventAnalyzer" 
"rbind" "rbind" "addFactorValue" "standardGeneric" "addFactorValue" "FUN" "apply" "FUN" "lapply" "FUN" "lapply" "standardAnalyzer" "fun" "eventAnalyzer" "standardGeneric" "eventAnalyzer" 
".deparseOpts" "deparse" "mode" "match" "%in%" "deparse" "as.data.frame.character" "as.data.frame" "data.frame" "addFactorValue" "standardGeneric" "addFactorValue" "FUN" "apply" "FUN" "lapply" "FUN" "lapply" "standardAnalyzer" "fun" "eventAnalyzer" "standardGeneric" "eventAnalyzer" 
"rbind" "rbind" "addFactorValue" "standardGeneric" "addFactorValue" "FUN" "apply" "FUN" "lapply" "FUN" "lapply" "standardAnalyzer" "fun" "eventAnalyzer" "standardGeneric" "eventAnalyzer" 
"rbind" "rbind" "addFactorValue" "standardGeneric" "addFactorValue" "FUN" "apply" "FUN" "lapply" "FUN" "lapply" "standardAnalyzer" "fun" "eventAnalyzer" "standardGeneric" "eventAnalyzer" 
"pmatch" ".deparseOpts" "deparse" "mode" "match" "%in%" "deparse" "paste" "force" "as.data.frame.numeric" "as.data.frame" "data.frame" "addFactorValue" "standardGeneric" "addFactorValue" "FUN" "apply" "FUN" "lapply" "FUN" "lapply" "standardAnalyzer" "fun" "eventAnalyzer" "standardGeneric" "eventAnalyzer" 
"as.data.frame" "data.frame" "addFactorValue" "standardGeneric" "addFactorValue" "FUN" "apply" "FUN" "lapply" "FUN" "lapply" "standardAnalyzer" "fun" "eventAnalyzer" "standardGeneric" "eventAnalyzer" 
"rbind" "rbind" "addFactorValue" "standardGeneric" "addFactorValue" "FUN" "apply" "FUN" "lapply" "FUN" "lapply" "standardAnalyzer" "fun" "eventAnalyzer" "standardGeneric" "eventAnalyzer" 
"==" "addFactorValue" "standardGeneric" "addFactorValue" "FUN" "apply" "FUN" "lapply" "FUN" "lapply" "standardAnalyzer" "fun" "eventAnalyzer" "standardGeneric" "eventAnalyzer" 
"match" "%in%" "structure" "rbind" "rbind" "addFactorValue" "standardGeneric" "addFactorValue" "FUN" "apply" "FUN" "lapply" "FUN" "lapply" "standardAnalyzer" "fun" "eventAnalyzer" "standardGeneric" "eventAnalyzer" 
"make.names" "data.frame" "addFactorValue" "standardGeneric" "addFactorValue" "FUN" "apply" "FUN" "lapply" "FUN" "lapply" "standardAnalyzer" "fun" "eventAnalyzer" "standardGeneric" "eventAnalyzer" 
"addFactorValue" "standardGeneric" "addFactorValue" "FUN" "apply" "FUN" "lapply" "FUN" "lapply" "standardAnalyzer" "fun" "eventAnalyzer" "standardGeneric" "eventAnalyzer" 
"as.list.default" "as.list" "data.frame" "addFactorValue" "standardGeneric" "addFactorValue" "FUN" "apply" "FUN" "lapply" "FUN" "lapply" "standardAnalyzer" "fun" "eventAnalyzer" "standardGeneric" "eventAnalyzer" 
"rbind" "rbind" "addFactorValue" "standardGeneric" "addFactorValue" "FUN" "apply" "FUN" "lapply" "FUN" "lapply" "standardAnalyzer" "fun" "eventAnalyzer" "standardGeneric" "eventAnalyzer" 
"data.frame" "addFactorValue" "standardGeneric" "addFactorValue" "FUN" "apply" "FUN" "lapply" "FUN" "lapply" "standardAnalyzer" "fun" "eventAnalyzer" "standardGeneric" "eventAnalyzer" 
"seq.int" "rbind" "rbind" "addFactorValue" "standardGeneric" "addFactorValue" "FUN" "apply" "FUN" "lapply" "FUN" "lapply" "standardAnalyzer" "fun" "eventAnalyzer" "standardGeneric" "eventAnalyzer" 
"seq.int" "rbind" "rbind" "addFactorValue" "standardGeneric" "addFactorValue" "FUN" "apply" "FUN" "lapply" "FUN" "lapply" "standardAnalyzer" "fun" "eventAnalyzer" "standardGeneric" "eventAnalyzer" 
"anyDuplicated.default" "anyDuplicated" "rbind" "rbind" "addFactorValue" "standardGeneric" "addFactorValue" "FUN" "apply" "FUN" "lapply" "FUN" "lapply" "standardAnalyzer" "fun" "eventAnalyzer" "standardGeneric" "eventAnalyzer" 
"order" "make.names" "data.frame" "addFactorValue" "standardGeneric" "addFactorValue" "FUN" "apply" "FUN" "lapply" "FUN" "lapply" "standardAnalyzer" "fun" "eventAnalyzer" "standardGeneric" "eventAnalyzer" 
"FUN" "lapply" "FUN" "lapply" "standardAnalyzer" "fun" "eventAnalyzer" "standardGeneric" "eventAnalyzer" 
"rbind" "rbind" "addFactorValue" "standardGeneric" "addFactorValue" "FUN" "apply" "FUN" "lapply" "FUN" "lapply" "standardAnalyzer" "fun" "eventAnalyzer" "standardGeneric" "eventAnalyzer" 
"rbind" "rbind" "addFactorValue" "standardGeneric" "addFactorValue" "FUN" "apply" "FUN" "lapply" "FUN" "lapply" "standardAnalyzer" "fun" "eventAnalyzer" "standardGeneric" "eventAnalyzer" 
"[[" "$.data.frame" "$" "addFactorValue" "standardGeneric" "addFactorValue" "FUN" "apply" "FUN" "lapply" "FUN" "lapply" "standardAnalyzer" "fun" "eventAnalyzer" "standardGeneric" "eventAnalyzer" 
"&" "addFactorValue" "standardGeneric" "addFactorValue" "FUN" "apply" "FUN" "lapply" "FUN" "lapply" "standardAnalyzer" "fun" "eventAnalyzer" "standardGeneric" "eventAnalyzer" 
"cbind" "FUN" "lapply" "FUN" "lapply" "standardAnalyzer" "fun" "eventAnalyzer" "standardGeneric" "eventAnalyzer" 
"rbind" "rbind" "addFactorValue" "standardGeneric" "addFactorValue" "FUN" "apply" "FUN" "lapply" "FUN" "lapply" "standardAnalyzer" "fun" "eventAnalyzer" "standardGeneric" "eventAnalyzer" 
"rbind" "rbind" "addFactorValue" "standardGeneric" "addFactorValue" "FUN" "apply" "FUN" "lapply" "FUN" "lapply" "standardAnalyzer" "fun" "eventAnalyzer" "standardGeneric" "eventAnalyzer" 
"rbind" "rbind" "addFactorValue" "standardGeneric" "addFactorValue" "FUN" "apply" "FUN" "lapply" "FUN" "lapply" "standardAnalyzer" "fun" "eventAnalyzer" "standardGeneric" "eventAnalyzer" 
"seq.int" "rbind" "rbind" "addFactorValue" "standardGeneric" "addFactorValue" "FUN" "apply" "FUN" "lapply" "FUN" "lapply" "standardAnalyzer" "fun" "eventAnalyzer" "standardGeneric" "eventAnalyzer" 
"data.frame" "addFactorValue" "standardGeneric" "addFactorValue" "FUN" "apply" "FUN" "lapply" "FUN" "lapply" "standardAnalyzer" "fun" "eventAnalyzer" "standardGeneric" "eventAnalyzer" 
"fun" "cbind" "FUN" "lapply" "FUN" "lapply" "standardAnalyzer" "fun" "eventAnalyzer" "standardGeneric" "eventAnalyzer" 
"[[.data.frame" "[[" "$.data.frame" "$" "mean" "fun" "cbind" "FUN" "lapply" "FUN" "lapply" "standardAnalyzer" "fun" "eventAnalyzer" "standardGeneric" "eventAnalyzer" 
"%in%" ".deparseOpts" "deparse" "mode" "match" "%in%" "deparse" "as.data.frame.character" "as.data.frame" "data.frame" "addFactorValue" "standardGeneric" "addFactorValue" "FUN" "apply" "FUN" "lapply" "FUN" "lapply" "standardAnalyzer" "fun" "eventAnalyzer" "standardGeneric" "eventAnalyzer" 
".set_row_names" "as.data.frame.vector" "as.data.frame.character" "as.data.frame" "data.frame" "addFactorValue" "standardGeneric" "addFactorValue" "FUN" "apply" "FUN" "lapply" "FUN" "lapply" "standardAnalyzer" "fun" "eventAnalyzer" "standardGeneric" "eventAnalyzer" 
"&" "addFactorValue" "standardGeneric" "addFactorValue" "FUN" "apply" "FUN" "lapply" "FUN" "lapply" "standardAnalyzer" "fun" "eventAnalyzer" "standardGeneric" "eventAnalyzer" 
"is.factor" "rbind" "rbind" "addFactorValue" "standardGeneric" "addFactorValue" "FUN" "apply" "FUN" "lapply" "FUN" "lapply" "standardAnalyzer" "fun" "eventAnalyzer" "standardGeneric" "eventAnalyzer" 
"apply" "FUN" "lapply" "FUN" "lapply" "standardAnalyzer" "fun" "eventAnalyzer" "standardGeneric" "eventAnalyzer" 
"rbind" "rbind" "addFactorValue" "standardGeneric" "addFactorValue" "FUN" "apply" "FUN" "lapply" "FUN" "lapply" "standardAnalyzer" "fun" "eventAnalyzer" "standardGeneric" "eventAnalyzer" 
"rbind" "rbind" "addFactorValue" "standardGeneric" "addFactorValue" "FUN" "apply" "FUN" "lapply" "FUN" "lapply" "standardAnalyzer" "fun" "eventAnalyzer" "standardGeneric" "eventAnalyzer" 
"rbind" "rbind" "addFactorValue" "standardGeneric" "addFactorValue" "FUN" "apply" "FUN" "lapply" "FUN" "lapply" "standardAnalyzer" "fun" "eventAnalyzer" "standardGeneric" "eventAnalyzer" 
"length" "length" "data.frame" "addFactorValue" "standardGeneric" "addFactorValue" "FUN" "apply" "FUN" "lapply" "FUN" "lapply" "standardAnalyzer" "fun" "eventAnalyzer" "standardGeneric" "eventAnalyzer" 
"levels" "rbind" "rbind" "addFactorValue" "standardGeneric" "addFactorValue" "FUN" "apply" "FUN" "lapply" "FUN" "lapply" "standardAnalyzer" "fun" "eventAnalyzer" "standardGeneric" "eventAnalyzer" 
"[[.data.frame" "[[" "rbind" "rbind" "addFactorValue" "standardGeneric" "addFactorValue" "FUN" "apply" "FUN" "lapply" "FUN" "lapply" "standardAnalyzer" "fun" "eventAnalyzer" "standardGeneric" "eventAnalyzer" 
"deparse" "paste" "force" "as.data.frame.numeric" "as.data.frame" "data.frame" "addFactorValue" "standardGeneric" "addFactorValue" "FUN" "apply" "FUN" "lapply" "FUN" "lapply" "standardAnalyzer" "fun" "eventAnalyzer" "standardGeneric" "eventAnalyzer" 
"data.frame" "addFactorValue" "standardGeneric" "addFactorValue" "FUN" "apply" "FUN" "lapply" "FUN" "lapply" "standardAnalyzer" "fun" "eventAnalyzer" "standardGeneric" "eventAnalyzer" 
"match" "%in%" "as.data.frame.character" "as.data.frame" "data.frame" "addFactorValue" "standardGeneric" "addFactorValue" "FUN" "apply" "FUN" "lapply" "FUN" "lapply" "standardAnalyzer" "fun" "eventAnalyzer" "standardGeneric" "eventAnalyzer" 
"&" "addFactorValue" "standardGeneric" "addFactorValue" "FUN" "apply" "FUN" "lapply" "FUN" "lapply" "standardAnalyzer" "fun" "eventAnalyzer" "standardGeneric" "eventAnalyzer" 
"as.data.frame" "data.frame" "addFactorValue" "standardGeneric" "addFactorValue" "FUN" "apply" "FUN" "lapply" "FUN" "lapply" "standardAnalyzer" "fun" "eventAnalyzer" "standardGeneric" "eventAnalyzer" 
"&" "addFactorValue" "standardGeneric" "addFactorValue" "FUN" "apply" "FUN" "lapply" "FUN" "lapply" "standardAnalyzer" "fun" "eventAnalyzer" "standardGeneric" "eventAnalyzer" 
"[[.data.frame" "[[" "$.data.frame" "$" "fun" "cbind" "FUN" "lapply" "FUN" "lapply" "standardAnalyzer" "fun" "eventAnalyzer" "standardGeneric" "eventAnalyzer" 
"structure" "rbind" "rbind" "addFactorValue" "standardGeneric" "addFactorValue" "FUN" "apply" "FUN" "lapply" "FUN" "lapply" "standardAnalyzer" "fun" "eventAnalyzer" "standardGeneric" "eventAnalyzer" 
"seq.int" "rbind" "rbind" "addFactorValue" "standardGeneric" "addFactorValue" "FUN" "apply" "FUN" "lapply" "FUN" "lapply" "standardAnalyzer" "fun" "eventAnalyzer" "standardGeneric" "eventAnalyzer" 
"rbind" "rbind" "addFactorValue" "standardGeneric" "addFactorValue" "FUN" "apply" "FUN" "lapply" "FUN" "lapply" "standardAnalyzer" "fun" "eventAnalyzer" "standardGeneric" "eventAnalyzer" 
"match" "%in%" "[[.data.frame" "[[" "rbind" "rbind" "addFactorValue" "standardGeneric" "addFactorValue" "FUN" "apply" "FUN" "lapply" "FUN" "lapply" "standardAnalyzer" "fun" "eventAnalyzer" "standardGeneric" "eventAnalyzer" 
"deparse" "as.data.frame.character" "as.data.frame" "data.frame" "addFactorValue" "standardGeneric" "addFactorValue" "FUN" "apply" "FUN" "lapply" "FUN" "lapply" "standardAnalyzer" "fun" "eventAnalyzer" "standardGeneric" "eventAnalyzer" 
"data.frame" "addFactorValue" "standardGeneric" "addFactorValue" "FUN" "apply" "FUN" "lapply" "FUN" "lapply" "standardAnalyzer" "fun" "eventAnalyzer" "standardGeneric" "eventAnalyzer" 
"rbind" "rbind" "addFactorValue" "standardGeneric" "addFactorValue" "FUN" "apply" "FUN" "lapply" "FUN" "lapply" "standardAnalyzer" "fun" "eventAnalyzer" "standardGeneric" "eventAnalyzer" 
"rbind" "rbind" "addFactorValue" "standardGeneric" "addFactorValue" "FUN" "apply" "FUN" "lapply" "FUN" "lapply" "standardAnalyzer" "fun" "eventAnalyzer" "standardGeneric" "eventAnalyzer" 
"rbind" "rbind" "addFactorValue" "standardGeneric" "addFactorValue" "FUN" "apply" "FUN" "lapply" "FUN" "lapply" "standardAnalyzer" "fun" "eventAnalyzer" "standardGeneric" "eventAnalyzer" 
"[[.data.frame" "[[" "$.data.frame" "$" "addFactorValue" "standardGeneric" "addFactorValue" "FUN" "apply" "FUN" "lapply" "FUN" "lapply" "standardAnalyzer" "fun" "eventAnalyzer" "standardGeneric" "eventAnalyzer" 
"$.data.frame" "$" "fun" "cbind" "FUN" "lapply" "FUN" "lapply" "standardAnalyzer" "fun" "eventAnalyzer" "standardGeneric" "eventAnalyzer" 
"invisible" "stopifnot" "tail.default" "tail" "getStartEndPositionsXY" "getAmplitude" "fun" "cbind" "FUN" "lapply" "FUN" "lapply" "standardAnalyzer" "fun" "eventAnalyzer" "standardGeneric" "eventAnalyzer" 
"[[.data.frame" "[[" "$.data.frame" "$" "addFactorValue" "standardGeneric" "addFactorValue" "FUN" "apply" "FUN" "lapply" "FUN" "lapply" "standardAnalyzer" "fun" "eventAnalyzer" "standardGeneric" "eventAnalyzer" 
"addFactorValue" "FUN" "apply" "FUN" "lapply" "FUN" "lapply" "standardAnalyzer" "fun" "eventAnalyzer" "standardGeneric" "eventAnalyzer" 
"rbind" "rbind" "addFactorValue" "standardGeneric" "addFactorValue" "FUN" "apply" "FUN" "lapply" "FUN" "lapply" "standardAnalyzer" "fun" "eventAnalyzer" "standardGeneric" "eventAnalyzer" 
"deparse" "paste" "force" "as.data.frame.numeric" "as.data.frame" "data.frame" "addFactorValue" "standardGeneric" "addFactorValue" "FUN" "apply" "FUN" "lapply" "FUN" "lapply" "standardAnalyzer" "fun" "eventAnalyzer" "standardGeneric" "eventAnalyzer" 
"rbind" "rbind" "addFactorValue" "standardGeneric" "addFactorValue" "FUN" "apply" "FUN" "lapply" "FUN" "lapply" "standardAnalyzer" "fun" "eventAnalyzer" "standardGeneric" "eventAnalyzer" 
".getClassFromCache" "getClass" "checkAtAssignment" "addFactorValue" "standardGeneric" "addFactorValue" "FUN" "apply" "FUN" "lapply" "FUN" "lapply" "standardAnalyzer" "fun" "eventAnalyzer" "standardGeneric" "eventAnalyzer" 
".row_names_info" "data.frame" "addFactorValue" "standardGeneric" "addFactorValue" "FUN" "apply" "FUN" "lapply" "FUN" "lapply" "standardAnalyzer" "fun" "eventAnalyzer" "standardGeneric" "eventAnalyzer" 
"is.ordered" "rbind" "rbind" "addFactorValue" "standardGeneric" "addFactorValue" "FUN" "apply" "FUN" "lapply" "FUN" "lapply" "standardAnalyzer" "fun" "eventAnalyzer" "standardGeneric" "eventAnalyzer" 
"rbind" "addFactorValue" "standardGeneric" "addFactorValue" "FUN" "apply" "FUN" "lapply" "FUN" "lapply" "standardAnalyzer" "fun" "eventAnalyzer" "standardGeneric" "eventAnalyzer" 
"rbind" "rbind" "addFactorValue" "standardGeneric" "addFactorValue" "FUN" "apply" "FUN" "lapply" "FUN" "lapply" "standardAnalyzer" "fun" "eventAnalyzer" "standardGeneric" "eventAnalyzer" 
"rbind" "rbind" "addFactorValue" "standardGeneric" "addFactorValue" "FUN" "apply" "FUN" "lapply" "FUN" "lapply" "standardAnalyzer" "fun" "eventAnalyzer" "standardGeneric" "eventAnalyzer" 
"rbind" "rbind" "addFactorValue" "standardGeneric" "addFactorValue" "FUN" "apply" "FUN" "lapply" "FUN" "lapply" "standardAnalyzer" "fun" "eventAnalyzer" "standardGeneric" "eventAnalyzer" 
"seq.int" "rbind" "rbind" "addFactorValue" "standardGeneric" "addFactorValue" "FUN" "apply" "FUN" "lapply" "FUN" "lapply" "standardAnalyzer" "fun" "eventAnalyzer" "standardGeneric" "eventAnalyzer" 
"rbind" "rbind" "addFactorValue" "standardGeneric" "addFactorValue" "FUN" "apply" "FUN" "lapply" "FUN" "lapply" "standardAnalyzer" "fun" "eventAnalyzer" "standardGeneric" "eventAnalyzer" 
"levels" "rbind" "rbind" "addFactorValue" "standardGeneric" "addFactorValue" "FUN" "apply" "FUN" "lapply" "FUN" "lapply" "standardAnalyzer" "fun" "eventAnalyzer" "standardGeneric" "eventAnalyzer" 
"data.frame" "addFactorValue" "standardGeneric" "addFactorValue" "FUN" "apply" "FUN" "lapply" "FUN" "lapply" "standardAnalyzer" "fun" "eventAnalyzer" "standardGeneric" "eventAnalyzer" 
"as.data.frame.vector" "as.data.frame.character" "as.data.frame" "data.frame" "addFactorValue" "standardGeneric" "addFactorValue" "FUN" "apply" "FUN" "lapply" "FUN" "lapply" "standardAnalyzer" "fun" "eventAnalyzer" "standardGeneric" "eventAnalyzer" 
"levels" "rbind" "rbind" "addFactorValue" "standardGeneric" "addFactorValue" "FUN" "apply" "FUN" "lapply" "FUN" "lapply" "standardAnalyzer" "fun" "eventAnalyzer" "standardGeneric" "eventAnalyzer" 
"paste" "force" "as.data.frame.numeric" "as.data.frame" "data.frame" "addFactorValue" "standardGeneric" "addFactorValue" "FUN" "apply" "FUN" "lapply" "FUN" "lapply" "standardAnalyzer" "fun" "eventAnalyzer" "standardGeneric" "eventAnalyzer" 
"data.frame" "addFactorValue" "standardGeneric" "addFactorValue" "FUN" "apply" "FUN" "lapply" "FUN" "lapply" "standardAnalyzer" "fun" "eventAnalyzer" "standardGeneric" "eventAnalyzer" 
"addFactorValue" "standardGeneric" "addFactorValue" "FUN" "apply" "FUN" "lapply" "FUN" "lapply" "standardAnalyzer" "fun" "eventAnalyzer" "standardGeneric" "eventAnalyzer" 
"levels" "rbind" "rbind" "addFactorValue" "standardGeneric" "addFactorValue" "FUN" "apply" "FUN" "lapply" "FUN" "lapply" "standardAnalyzer" "fun" "eventAnalyzer" "standardGeneric" "eventAnalyzer" 
"deparse" "paste" "force" "as.data.frame.numeric" "as.data.frame" "data.frame" "addFactorValue" "standardGeneric" "addFactorValue" "FUN" "apply" "FUN" "lapply" "FUN" "lapply" "standardAnalyzer" "fun" "eventAnalyzer" "standardGeneric" "eventAnalyzer" 
"aperm" "apply" "FUN" "lapply" "FUN" "lapply" "standardAnalyzer" "fun" "eventAnalyzer" "standardGeneric" "eventAnalyzer" 
"rbind" "rbind" "addFactorValue" "standardGeneric" "addFactorValue" "FUN" "apply" "FUN" "lapply" "FUN" "lapply" "standardAnalyzer" "fun" "eventAnalyzer" "standardGeneric" "eventAnalyzer" 
"length" "length" "data.frame" "addFactorValue" "standardGeneric" "addFactorValue" "FUN" "apply" "FUN" "lapply" "FUN" "lapply" "standardAnalyzer" "fun" "eventAnalyzer" "standardGeneric" "eventAnalyzer" 
"rbind" "rbind" "addFactorValue" "standardGeneric" "addFactorValue" "FUN" "apply" "FUN" "lapply" "FUN" "lapply" "standardAnalyzer" "fun" "eventAnalyzer" "standardGeneric" "eventAnalyzer" 
"anyDuplicated.default" "anyDuplicated" "rbind" "rbind" "addFactorValue" "standardGeneric" "addFactorValue" "FUN" "apply" "FUN" "lapply" "FUN" "lapply" "standardAnalyzer" "fun" "eventAnalyzer" "standardGeneric" "eventAnalyzer" 
"anyDuplicated.default" "anyDuplicated" "rbind" "rbind" "addFactorValue" "standardGeneric" "addFactorValue" "FUN" "apply" "FUN" "lapply" "FUN" "lapply" "standardAnalyzer" "fun" "eventAnalyzer" "standardGeneric" "eventAnalyzer" 
"data.frame" "addFactorValue" "standardGeneric" "addFactorValue" "FUN" "apply" "FUN" "lapply" "FUN" "lapply" "standardAnalyzer" "fun" "eventAnalyzer" "standardGeneric" "eventAnalyzer" 
"sys.call" "match.call" "stopifnot" "tail.default" "tail" "getStartEndPositionsXY" "getAmplitude" "fun" "cbind" "FUN" "lapply" "FUN" "lapply" "standardAnalyzer" "fun" "eventAnalyzer" "standardGeneric" "eventAnalyzer" 
"stopifnot" "var" "sd" "fun" "cbind" "FUN" "lapply" "FUN" "lapply" "standardAnalyzer" "fun" "eventAnalyzer" "standardGeneric" "eventAnalyzer" 
"deparse" "as.data.frame.character" "as.data.frame" "data.frame" "addFactorValue" "standardGeneric" "addFactorValue" "FUN" "apply" "FUN" "lapply" "FUN" "lapply" "standardAnalyzer" "fun" "eventAnalyzer" "standardGeneric" "eventAnalyzer" 
"rbind" "rbind" "addFactorValue" "standardGeneric" "addFactorValue" "FUN" "apply" "FUN" "lapply" "FUN" "lapply" "standardAnalyzer" "fun" "eventAnalyzer" "standardGeneric" "eventAnalyzer" 
"length" "length" "data.frame" "addFactorValue" "standardGeneric" "addFactorValue" "FUN" "apply" "FUN" "lapply" "FUN" "lapply" "standardAnalyzer" "fun" "eventAnalyzer" "standardGeneric" "eventAnalyzer" 
"&" "addFactorValue" "standardGeneric" "addFactorValue" "FUN" "apply" "FUN" "lapply" "FUN" "lapply" "standardAnalyzer" "fun" "eventAnalyzer" "standardGeneric" "eventAnalyzer" 
"as.data.frame.character" "as.data.frame" "data.frame" "addFactorValue" "standardGeneric" "addFactorValue" "FUN" "apply" "FUN" "lapply" "FUN" "lapply" "standardAnalyzer" "fun" "eventAnalyzer" "standardGeneric" "eventAnalyzer" 
".row_names_info" "data.frame" "addFactorValue" "standardGeneric" "addFactorValue" "FUN" "apply" "FUN" "lapply" "FUN" "lapply" "standardAnalyzer" "fun" "eventAnalyzer" "standardGeneric" "eventAnalyzer" 
"sys.parent" "sys.function" "match.call" "stopifnot" "tail.default" "tail" "fun" "cbind" "FUN" "lapply" "FUN" "lapply" "standardAnalyzer" "fun" "eventAnalyzer" "standardGeneric" "eventAnalyzer" 
"rbind" "rbind" "addFactorValue" "standardGeneric" "addFactorValue" "FUN" "apply" "FUN" "lapply" "FUN" "lapply" "standardAnalyzer" "fun" "eventAnalyzer" "standardGeneric" "eventAnalyzer" 
"rbind" "rbind" "addFactorValue" "standardGeneric" "addFactorValue" "FUN" "apply" "FUN" "lapply" "FUN" "lapply" "standardAnalyzer" "fun" "eventAnalyzer" "standardGeneric" "eventAnalyzer" 
".deparseOpts" "deparse" "as.data.frame.character" "as.data.frame" "data.frame" "addFactorValue" "standardGeneric" "addFactorValue" "FUN" "apply" "FUN" "lapply" "FUN" "lapply" "standardAnalyzer" "fun" "eventAnalyzer" "standardGeneric" "eventAnalyzer" 
"unlist" "rbind" "rbind" "addFactorValue" "standardGeneric" "addFactorValue" "FUN" "apply" "FUN" "lapply" "FUN" "lapply" "standardAnalyzer" "fun" "eventAnalyzer" "standardGeneric" "eventAnalyzer" 
"rbind" "rbind" "addFactorValue" "standardGeneric" "addFactorValue" "FUN" "apply" "FUN" "lapply" "FUN" "lapply" "standardAnalyzer" "fun" "eventAnalyzer" "standardGeneric" "eventAnalyzer" 
"&" "addFactorValue" "standardGeneric" "addFactorValue" "FUN" "apply" "FUN" "lapply" "FUN" "lapply" "standardAnalyzer" "fun" "eventAnalyzer" "standardGeneric" "eventAnalyzer" 
"match" "%in%" "deparse" "mode" "match" "%in%" "deparse" "as.data.frame.character" "as.data.frame" "data.frame" "addFactorValue" "standardGeneric" "addFactorValue" "FUN" "apply" "FUN" "lapply" "FUN" "lapply" "standardAnalyzer" "fun" "eventAnalyzer" "standardGeneric" "eventAnalyzer" 
"FUN" "apply" "FUN" "lapply" "FUN" "lapply" "standardAnalyzer" "fun" "eventAnalyzer" "standardGeneric" "eventAnalyzer" 
"rbind" "rbind" "addFactorValue" "standardGeneric" "addFactorValue" "FUN" "apply" "FUN" "lapply" "FUN" "lapply" "standardAnalyzer" "fun" "eventAnalyzer" "standardGeneric" "eventAnalyzer" 
"$" "addFactorValue" "standardGeneric" "addFactorValue" "FUN" "apply" "FUN" "lapply" "FUN" "lapply" "standardAnalyzer" "fun" "eventAnalyzer" "standardGeneric" "eventAnalyzer" 
"$" "addFactorValue" "standardGeneric" "addFactorValue" "FUN" "apply" "FUN" "lapply" "FUN" "lapply" "standardAnalyzer" "fun" "eventAnalyzer" "standardGeneric" "eventAnalyzer" 
"addFactorValue" "standardGeneric" "addFactorValue" "FUN" "apply" "FUN" "lapply" "FUN" "lapply" "standardAnalyzer" "fun" "eventAnalyzer" "standardGeneric" "eventAnalyzer" 
"sys.call" "match" "%in%" "[[.data.frame" "[[" "rbind" "rbind" "addFactorValue" "standardGeneric" "addFactorValue" "FUN" "apply" "FUN" "lapply" "FUN" "lapply" "standardAnalyzer" "fun" "eventAnalyzer" "standardGeneric" "eventAnalyzer" 
"&" "addFactorValue" "standardGeneric" "addFactorValue" "FUN" "apply" "FUN" "lapply" "FUN" "lapply" "standardAnalyzer" "fun" "eventAnalyzer" "standardGeneric" "eventAnalyzer" 
"&" "addFactorValue" "standardGeneric" "addFactorValue" "FUN" "apply" "FUN" "lapply" "FUN" "lapply" "standardAnalyzer" "fun" "eventAnalyzer" "standardGeneric" "eventAnalyzer" 
"anyDuplicated" "rbind" "rbind" "addFactorValue" "standardGeneric" "addFactorValue" "FUN" "apply" "FUN" "lapply" "FUN" "lapply" "standardAnalyzer" "fun" "eventAnalyzer" "standardGeneric" "eventAnalyzer" 
"%in%" "addFactorValue" "standardGeneric" "addFactorValue" "FUN" "apply" "FUN" "lapply" "FUN" "lapply" "standardAnalyzer" "fun" "eventAnalyzer" "standardGeneric" "eventAnalyzer" 
"names" "names" "data.frame" "addFactorValue" "standardGeneric" "addFactorValue" "FUN" "apply" "FUN" "lapply" "FUN" "lapply" "standardAnalyzer" "fun" "eventAnalyzer" "standardGeneric" "eventAnalyzer" 
"order" "make.names" "data.frame" "addFactorValue" "standardGeneric" "addFactorValue" "FUN" "apply" "FUN" "lapply" "FUN" "lapply" "standardAnalyzer" "fun" "eventAnalyzer" "standardGeneric" "eventAnalyzer" 
"rbind" "rbind" "addFactorValue" "standardGeneric" "addFactorValue" "FUN" "apply" "FUN" "lapply" "FUN" "lapply" "standardAnalyzer" "fun" "eventAnalyzer" "standardGeneric" "eventAnalyzer" 
"==" "addFactorValue" "standardGeneric" "addFactorValue" "FUN" "apply" "FUN" "lapply" "FUN" "lapply" "standardAnalyzer" "fun" "eventAnalyzer" "standardGeneric" "eventAnalyzer" 
"match" "%in%" "fun" "cbind" "FUN" "lapply" "FUN" "lapply" "standardAnalyzer" "fun" "eventAnalyzer" "standardGeneric" "eventAnalyzer" 
"rbind" "rbind" "addFactorValue" "standardGeneric" "addFactorValue" "FUN" "apply" "FUN" "lapply" "FUN" "lapply" "standardAnalyzer" "fun" "eventAnalyzer" "standardGeneric" "eventAnalyzer" 
"==" "addFactorValue" "standardGeneric" "addFactorValue" "FUN" "apply" "FUN" "lapply" "FUN" "lapply" "standardAnalyzer" "fun" "eventAnalyzer" "standardGeneric" "eventAnalyzer" 
"rbind" "rbind" "addFactorValue" "standardGeneric" "addFactorValue" "FUN" "apply" "FUN" "lapply" "FUN" "lapply" "standardAnalyzer" "fun" "eventAnalyzer" "standardGeneric" "eventAnalyzer" 
".getClassFromCache" "getClass" "checkAtAssignment" "addFactorValue" "standardGeneric" "addFactorValue" "FUN" "apply" "FUN" "lapply" "FUN" "lapply" "standardAnalyzer" "fun" "eventAnalyzer" "standardGeneric" "eventAnalyzer" 
"rbind" "rbind" "addFactorValue" "standardGeneric" "addFactorValue" "FUN" "apply" "FUN" "lapply" "FUN" "lapply" "standardAnalyzer" "fun" "eventAnalyzer" "standardGeneric" "eventAnalyzer" 
"as.data.frame" "data.frame" "addFactorValue" "standardGeneric" "addFactorValue" "FUN" "apply" "FUN" "lapply" "FUN" "lapply" "standardAnalyzer" "fun" "eventAnalyzer" "standardGeneric" "eventAnalyzer" 
"rbind" "rbind" "addFactorValue" "standardGeneric" "addFactorValue" "FUN" "apply" "FUN" "lapply" "FUN" "lapply" "standardAnalyzer" "fun" "eventAnalyzer" "standardGeneric" "eventAnalyzer" 
"==" "addFactorValue" "standardGeneric" "addFactorValue" "FUN" "apply" "FUN" "lapply" "FUN" "lapply" "standardAnalyzer" "fun" "eventAnalyzer" "standardGeneric" "eventAnalyzer" 
"data.frame" "addFactorValue" "standardGeneric" "addFactorValue" "FUN" "apply" "FUN" "lapply" "FUN" "lapply" "standardAnalyzer" "fun" "eventAnalyzer" "standardGeneric" "eventAnalyzer" 
"rbind" "rbind" "addFactorValue" "standardGeneric" "addFactorValue" "FUN" "apply" "FUN" "lapply" "FUN" "lapply" "standardAnalyzer" "fun" "eventAnalyzer" "standardGeneric" "eventAnalyzer" 
"rbind" "rbind" "addFactorValue" "standardGeneric" "addFactorValue" "FUN" "apply" "FUN" "lapply" "FUN" "lapply" "standardAnalyzer" "fun" "eventAnalyzer" "standardGeneric" "eventAnalyzer" 
"seq.int" "rbind" "rbind" "addFactorValue" "standardGeneric" "addFactorValue" "FUN" "apply" "FUN" "lapply" "FUN" "lapply" "standardAnalyzer" "fun" "eventAnalyzer" "standardGeneric" "eventAnalyzer" 
"rbind" "rbind" "addFactorValue" "standardGeneric" "addFactorValue" "FUN" "apply" "FUN" "lapply" "FUN" "lapply" "standardAnalyzer" "fun" "eventAnalyzer" "standardGeneric" "eventAnalyzer" 
"rbind" "rbind" "addFactorValue" "standardGeneric" "addFactorValue" "FUN" "apply" "FUN" "lapply" "FUN" "lapply" "standardAnalyzer" "fun" "eventAnalyzer" "standardGeneric" "eventAnalyzer" 
"rbind" "rbind" "addFactorValue" "standardGeneric" "addFactorValue" "FUN" "apply" "FUN" "lapply" "FUN" "lapply" "standardAnalyzer" "fun" "eventAnalyzer" "standardGeneric" "eventAnalyzer" 
"order" "make.names" "data.frame" "addFactorValue" "standardGeneric" "addFactorValue" "FUN" "apply" "FUN" "lapply" "FUN" "lapply" "standardAnalyzer" "fun" "eventAnalyzer" "standardGeneric" "eventAnalyzer" 
"rbind" "rbind" "addFactorValue" "standardGeneric" "addFactorValue" "FUN" "apply" "FUN" "lapply" "FUN" "lapply" "standardAnalyzer" "fun" "eventAnalyzer" "standardGeneric" "eventAnalyzer" 
"unlist" "data.frame" "addFactorValue" "standardGeneric" "addFactorValue" "FUN" "apply" "FUN" "lapply" "FUN" "lapply" "standardAnalyzer" "fun" "eventAnalyzer" "standardGeneric" "eventAnalyzer" 
"==" "addFactorValue" "standardGeneric" "addFactorValue" "FUN" "apply" "FUN" "lapply" "FUN" "lapply" "standardAnalyzer" "fun" "eventAnalyzer" "standardGeneric" "eventAnalyzer" 
"deparse" "paste" "force" "as.data.frame.numeric" "as.data.frame" "data.frame" "addFactorValue" "standardGeneric" "addFactorValue" "FUN" "apply" "FUN" "lapply" "FUN" "lapply" "standardAnalyzer" "fun" "eventAnalyzer" "standardGeneric" "eventAnalyzer" 
"&" "addFactorValue" "standardGeneric" "addFactorValue" "FUN" "apply" "FUN" "lapply" "FUN" "lapply" "standardAnalyzer" "fun" "eventAnalyzer" "standardGeneric" "eventAnalyzer" 
"dim" "rbind" "rbind" "addFactorValue" "standardGeneric" "addFactorValue" "FUN" "apply" "FUN" "lapply" "FUN" "lapply" "standardAnalyzer" "fun" "eventAnalyzer" "standardGeneric" "eventAnalyzer" 
"[[.data.frame" "[[" "rbind" "rbind" "addFactorValue" "standardGeneric" "addFactorValue" "FUN" "apply" "FUN" "lapply" "FUN" "lapply" "standardAnalyzer" "fun" "eventAnalyzer" "standardGeneric" "eventAnalyzer" 
"&" "addFactorValue" "standardGeneric" "addFactorValue" "FUN" "apply" "FUN" "lapply" "FUN" "lapply" "standardAnalyzer" "fun" "eventAnalyzer" "standardGeneric" "eventAnalyzer" 
"seq.int" "rbind" "rbind" "addFactorValue" "standardGeneric" "addFactorValue" "FUN" "apply" "FUN" "lapply" "FUN" "lapply" "standardAnalyzer" "fun" "eventAnalyzer" "standardGeneric" "eventAnalyzer" 
"anyDuplicated.default" "anyDuplicated" "rbind" "rbind" "addFactorValue" "standardGeneric" "addFactorValue" "FUN" "apply" "FUN" "lapply" "FUN" "lapply" "standardAnalyzer" "fun" "eventAnalyzer" "standardGeneric" "eventAnalyzer" 
"match" "%in%" "[[.data.frame" "[[" "$.data.frame" "$" "which" "addFactorValue" "standardGeneric" "addFactorValue" "FUN" "apply" "FUN" "lapply" "FUN" "lapply" "standardAnalyzer" "fun" "eventAnalyzer" "standardGeneric" "eventAnalyzer" 
"==" "addFactorValue" "standardGeneric" "addFactorValue" "FUN" "apply" "FUN" "lapply" "FUN" "lapply" "standardAnalyzer" "fun" "eventAnalyzer" "standardGeneric" "eventAnalyzer" 
"==" "addFactorValue" "standardGeneric" "addFactorValue" "FUN" "apply" "FUN" "lapply" "FUN" "lapply" "standardAnalyzer" "fun" "eventAnalyzer" "standardGeneric" "eventAnalyzer" 
"==" "addFactorValue" "standardGeneric" "addFactorValue" "FUN" "apply" "FUN" "lapply" "FUN" "lapply" "standardAnalyzer" "fun" "eventAnalyzer" "standardGeneric" "eventAnalyzer" 
"$" "addFactorValue" "standardGeneric" "addFactorValue" "FUN" "apply" "FUN" "lapply" "FUN" "lapply" "standardAnalyzer" "fun" "eventAnalyzer" "standardGeneric" "eventAnalyzer" 
"$.data.frame" "$" "addFactorValue" "standardGeneric" "addFactorValue" "FUN" "apply" "FUN" "lapply" "FUN" "lapply" "standardAnalyzer" "fun" "eventAnalyzer" "standardGeneric" "eventAnalyzer" 
"==" "addFactorValue" "standardGeneric" "addFactorValue" "FUN" "apply" "FUN" "lapply" "FUN" "lapply" "standardAnalyzer" "fun" "eventAnalyzer" "standardGeneric" "eventAnalyzer" 
"rbind" "rbind" "addFactorValue" "standardGeneric" "addFactorValue" "FUN" "apply" "FUN" "lapply" "FUN" "lapply" "standardAnalyzer" "fun" "eventAnalyzer" "standardGeneric" "eventAnalyzer" 
"rbind" "rbind" "addFactorValue" "standardGeneric" "addFactorValue" "FUN" "apply" "FUN" "lapply" "FUN" "lapply" "standardAnalyzer" "fun" "eventAnalyzer" "standardGeneric" "eventAnalyzer" 
"rbind" "rbind" "addFactorValue" "standardGeneric" "addFactorValue" "FUN" "apply" "FUN" "lapply" "FUN" "lapply" "standardAnalyzer" "fun" "eventAnalyzer" "standardGeneric" "eventAnalyzer" 
"levels" "rbind" "rbind" "addFactorValue" "standardGeneric" "addFactorValue" "FUN" "apply" "FUN" "lapply" "FUN" "lapply" "standardAnalyzer" "fun" "eventAnalyzer" "standardGeneric" "eventAnalyzer" 
"as.list" "data.frame" "addFactorValue" "standardGeneric" "addFactorValue" "FUN" "apply" "FUN" "lapply" "FUN" "lapply" "standardAnalyzer" "fun" "eventAnalyzer" "standardGeneric" "eventAnalyzer" 
"seq.int" "rbind" "rbind" "addFactorValue" "standardGeneric" "addFactorValue" "FUN" "apply" "FUN" "lapply" "FUN" "lapply" "standardAnalyzer" "fun" "eventAnalyzer" "standardGeneric" "eventAnalyzer" 
"seq.int" "rbind" "rbind" "addFactorValue" "standardGeneric" "addFactorValue" "FUN" "apply" "FUN" "lapply" "FUN" "lapply" "standardAnalyzer" "fun" "eventAnalyzer" "standardGeneric" "eventAnalyzer" 
"seq.int" "rbind" "rbind" "addFactorValue" "standardGeneric" "addFactorValue" "FUN" "apply" "FUN" "lapply" "FUN" "lapply" "standardAnalyzer" "fun" "eventAnalyzer" "standardGeneric" "eventAnalyzer" 
"standardGeneric" "addFactorValue" "FUN" "apply" "FUN" "lapply" "FUN" "lapply" "standardAnalyzer" "fun" "eventAnalyzer" "standardGeneric" "eventAnalyzer" 
"rbind" "rbind" "addFactorValue" "standardGeneric" "addFactorValue" "FUN" "apply" "FUN" "lapply" "FUN" "lapply" "standardAnalyzer" "fun" "eventAnalyzer" "standardGeneric" "eventAnalyzer" 
"as.data.frame" "data.frame" "addFactorValue" "standardGeneric" "addFactorValue" "FUN" "apply" "FUN" "lapply" "FUN" "lapply" "standardAnalyzer" "fun" "eventAnalyzer" "standardGeneric" "eventAnalyzer" 
"as.data.frame" "data.frame" "addFactorValue" "standardGeneric" "addFactorValue" "FUN" "apply" "FUN" "lapply" "FUN" "lapply" "standardAnalyzer" "fun" "eventAnalyzer" "standardGeneric" "eventAnalyzer" 
"rbind" "rbind" "addFactorValue" "standardGeneric" "addFactorValue" "FUN" "apply" "FUN" "lapply" "FUN" "lapply" "standardAnalyzer" "fun" "eventAnalyzer" "standardGeneric" "eventAnalyzer" 
"names" "names" "data.frame" "addFactorValue" "standardGeneric" "addFactorValue" "FUN" "apply" "FUN" "lapply" "FUN" "lapply" "standardAnalyzer" "fun" "eventAnalyzer" "standardGeneric" "eventAnalyzer" 
"rbind" "rbind" "addFactorValue" "standardGeneric" "addFactorValue" "FUN" "apply" "FUN" "lapply" "FUN" "lapply" "standardAnalyzer" "fun" "eventAnalyzer" "standardGeneric" "eventAnalyzer" 
"addFactorValue" "standardGeneric" "addFactorValue" "FUN" "apply" "FUN" "lapply" "FUN" "lapply" "standardAnalyzer" "fun" "eventAnalyzer" "standardGeneric" "eventAnalyzer" 
"rbind" "rbind" "addFactorValue" "standardGeneric" "addFactorValue" "FUN" "apply" "FUN" "lapply" "FUN" "lapply" "standardAnalyzer" "fun" "eventAnalyzer" "standardGeneric" "eventAnalyzer" 
"data.frame" "addFactorValue" "standardGeneric" "addFactorValue" "FUN" "apply" "FUN" "lapply" "FUN" "lapply" "standardAnalyzer" "fun" "eventAnalyzer" "standardGeneric" "eventAnalyzer" 
"Make.row.names" "rbind" "rbind" "addFactorValue" "standardGeneric" "addFactorValue" "FUN" "apply" "FUN" "lapply" "FUN" "lapply" "standardAnalyzer" "fun" "eventAnalyzer" "standardGeneric" "eventAnalyzer" 
"rbind" "rbind" "addFactorValue" "standardGeneric" "addFactorValue" "FUN" "apply" "FUN" "lapply" "FUN" "lapply" "standardAnalyzer" "fun" "eventAnalyzer" "standardGeneric" "eventAnalyzer" 
"rbind" "rbind" "addFactorValue" "standardGeneric" "addFactorValue" "FUN" "apply" "FUN" "lapply" "FUN" "lapply" "standardAnalyzer" "fun" "eventAnalyzer" "standardGeneric" "eventAnalyzer" 
"mean.default" "mean" "fun" "cbind" "FUN" "lapply" "FUN" "lapply" "standardAnalyzer" "fun" "eventAnalyzer" "standardGeneric" "eventAnalyzer" 
"&" "addFactorValue" "standardGeneric" "addFactorValue" "FUN" "apply" "FUN" "lapply" "FUN" "lapply" "standardAnalyzer" "fun" "eventAnalyzer" "standardGeneric" "eventAnalyzer" 
"==" "addFactorValue" "standardGeneric" "addFactorValue" "FUN" "apply" "FUN" "lapply" "FUN" "lapply" "standardAnalyzer" "fun" "eventAnalyzer" "standardGeneric" "eventAnalyzer" 
"anyDuplicated" "rbind" "rbind" "addFactorValue" "standardGeneric" "addFactorValue" "FUN" "apply" "FUN" "lapply" "FUN" "lapply" "standardAnalyzer" "fun" "eventAnalyzer" "standardGeneric" "eventAnalyzer" 
"==" "addFactorValue" "standardGeneric" "addFactorValue" "FUN" "apply" "FUN" "lapply" "FUN" "lapply" "standardAnalyzer" "fun" "eventAnalyzer" "standardGeneric" "eventAnalyzer" 
"==" "addFactorValue" "standardGeneric" "addFactorValue" "FUN" "apply" "FUN" "lapply" "FUN" "lapply" "standardAnalyzer" "fun" "eventAnalyzer" "standardGeneric" "eventAnalyzer" 
"==" "addFactorValue" "standardGeneric" "addFactorValue" "FUN" "apply" "FUN" "lapply" "FUN" "lapply" "standardAnalyzer" "fun" "eventAnalyzer" "standardGeneric" "eventAnalyzer" 
"character" "rbind" "rbind" "addFactorValue" "standardGeneric" "addFactorValue" "FUN" "apply" "FUN" "lapply" "FUN" "lapply" "standardAnalyzer" "fun" "eventAnalyzer" "standardGeneric" "eventAnalyzer" 
"rbind" "rbind" "addFactorValue" "standardGeneric" "addFactorValue" "FUN" "apply" "FUN" "lapply" "FUN" "lapply" "standardAnalyzer" "fun" "eventAnalyzer" "standardGeneric" "eventAnalyzer" 
"rbind" "rbind" "addFactorValue" "standardGeneric" "addFactorValue" "FUN" "apply" "FUN" "lapply" "FUN" "lapply" "standardAnalyzer" "fun" "eventAnalyzer" "standardGeneric" "eventAnalyzer" 
"rbind" "rbind" "addFactorValue" "standardGeneric" "addFactorValue" "FUN" "apply" "FUN" "lapply" "FUN" "lapply" "standardAnalyzer" "fun" "eventAnalyzer" "standardGeneric" "eventAnalyzer" 
"rbind" "rbind" "addFactorValue" "standardGeneric" "addFactorValue" "FUN" "apply" "FUN" "lapply" "FUN" "lapply" "standardAnalyzer" "fun" "eventAnalyzer" "standardGeneric" "eventAnalyzer" 
"rbind" "rbind" "addFactorValue" "standardGeneric" "addFactorValue" "FUN" "apply" "FUN" "lapply" "FUN" "lapply" "standardAnalyzer" "fun" "eventAnalyzer" "standardGeneric" "eventAnalyzer" 
"rbind" "rbind" "addFactorValue" "standardGeneric" "addFactorValue" "FUN" "apply" "FUN" "lapply" "FUN" "lapply" "standardAnalyzer" "fun" "eventAnalyzer" "standardGeneric" "eventAnalyzer" 
"names" "names" "data.frame" "addFactorValue" "standardGeneric" "addFactorValue" "FUN" "apply" "FUN" "lapply" "FUN" "lapply" "standardAnalyzer" "fun" "eventAnalyzer" "standardGeneric" "eventAnalyzer" 
"anyDuplicated.default" "anyDuplicated" "rbind" "rbind" "addFactorValue" "standardGeneric" "addFactorValue" "FUN" "apply" "FUN" "lapply" "FUN" "lapply" "standardAnalyzer" "fun" "eventAnalyzer" "standardGeneric" "eventAnalyzer" 
".subset2" "<Anonymous>" "[[.data.frame" "[[" "$.data.frame" "$" "addFactorValue" "standardGeneric" "addFactorValue" "FUN" "apply" "FUN" "lapply" "FUN" "lapply" "standardAnalyzer" "fun" "eventAnalyzer" "standardGeneric" "eventAnalyzer" 
"seq.int" "rbind" "rbind" "addFactorValue" "standardGeneric" "addFactorValue" "FUN" "apply" "FUN" "lapply" "FUN" "lapply" "standardAnalyzer" "fun" "eventAnalyzer" "standardGeneric" "eventAnalyzer" 
"rbind" "rbind" "addFactorValue" "standardGeneric" "addFactorValue" "FUN" "apply" "FUN" "lapply" "FUN" "lapply" "standardAnalyzer" "fun" "eventAnalyzer" "standardGeneric" "eventAnalyzer" 
"rbind" "rbind" "addFactorValue" "standardGeneric" "addFactorValue" "FUN" "apply" "FUN" "lapply" "FUN" "lapply" "standardAnalyzer" "fun" "eventAnalyzer" "standardGeneric" "eventAnalyzer" 
"rbind" "rbind" "addFactorValue" "standardGeneric" "addFactorValue" "FUN" "apply" "FUN" "lapply" "FUN" "lapply" "standardAnalyzer" "fun" "eventAnalyzer" "standardGeneric" "eventAnalyzer" 
"&" "addFactorValue" "standardGeneric" "addFactorValue" "FUN" "apply" "FUN" "lapply" "FUN" "lapply" "standardAnalyzer" "fun" "eventAnalyzer" "standardGeneric" "eventAnalyzer" 
"&" "addFactorValue" "standardGeneric" "addFactorValue" "FUN" "apply" "FUN" "lapply" "FUN" "lapply" "standardAnalyzer" "fun" "eventAnalyzer" "standardGeneric" "eventAnalyzer" 
"rbind" "rbind" "addFactorValue" "standardGeneric" "addFactorValue" "FUN" "apply" "FUN" "lapply" "FUN" "lapply" "standardAnalyzer" "fun" "eventAnalyzer" "standardGeneric" "eventAnalyzer" 
"rbind" "rbind" "addFactorValue" "standardGeneric" "addFactorValue" "FUN" "apply" "FUN" "lapply" "FUN" "lapply" "standardAnalyzer" "fun" "eventAnalyzer" "standardGeneric" "eventAnalyzer" 
"==" "addFactorValue" "standardGeneric" "addFactorValue" "FUN" "apply" "FUN" "lapply" "FUN" "lapply" "standardAnalyzer" "fun" "eventAnalyzer" "standardGeneric" "eventAnalyzer" 
"sqrt" "fun" "cbind" "FUN" "lapply" "FUN" "lapply" "standardAnalyzer" "fun" "eventAnalyzer" "standardGeneric" "eventAnalyzer" 
"addFactorValue" "standardGeneric" "addFactorValue" "FUN" "apply" "FUN" "lapply" "FUN" "lapply" "standardAnalyzer" "fun" "eventAnalyzer" "standardGeneric" "eventAnalyzer" 
"rbind" "rbind" "addFactorValue" "standardGeneric" "addFactorValue" "FUN" "apply" "FUN" "lapply" "FUN" "lapply" "standardAnalyzer" "fun" "eventAnalyzer" "standardGeneric" "eventAnalyzer" 
"match" "%in%" "[[.data.frame" "[[" "$.data.frame" "$" "addFactorValue" "standardGeneric" "addFactorValue" "FUN" "apply" "FUN" "lapply" "FUN" "lapply" "standardAnalyzer" "fun" "eventAnalyzer" "standardGeneric" "eventAnalyzer" 
"rbind" "rbind" "addFactorValue" "standardGeneric" "addFactorValue" "FUN" "apply" "FUN" "lapply" "FUN" "lapply" "standardAnalyzer" "fun" "eventAnalyzer" "standardGeneric" "eventAnalyzer" 
"rbind" "rbind" "addFactorValue" "standardGeneric" "addFactorValue" "FUN" "apply" "FUN" "lapply" "FUN" "lapply" "standardAnalyzer" "fun" "eventAnalyzer" "standardGeneric" "eventAnalyzer" 
"rbind" "rbind" "addFactorValue" "standardGeneric" "addFactorValue" "FUN" "apply" "FUN" "lapply" "FUN" "lapply" "standardAnalyzer" "fun" "eventAnalyzer" "standardGeneric" "eventAnalyzer" 
"rbind" "rbind" "addFactorValue" "standardGeneric" "addFactorValue" "FUN" "apply" "FUN" "lapply" "FUN" "lapply" "standardAnalyzer" "fun" "eventAnalyzer" "standardGeneric" "eventAnalyzer" 
"addFactorValue" "FUN" "apply" "FUN" "lapply" "FUN" "lapply" "standardAnalyzer" "fun" "eventAnalyzer" "standardGeneric" "eventAnalyzer" 
"rbind" "rbind" "addFactorValue" "standardGeneric" "addFactorValue" "FUN" "apply" "FUN" "lapply" "FUN" "lapply" "standardAnalyzer" "fun" "eventAnalyzer" "standardGeneric" "eventAnalyzer" 
"&" "addFactorValue" "standardGeneric" "addFactorValue" "FUN" "apply" "FUN" "lapply" "FUN" "lapply" "standardAnalyzer" "fun" "eventAnalyzer" "standardGeneric" "eventAnalyzer" 
".deparseOpts" "deparse" "as.data.frame.character" "as.data.frame" "data.frame" "addFactorValue" "standardGeneric" "addFactorValue" "FUN" "apply" "FUN" "lapply" "FUN" "lapply" "standardAnalyzer" "fun" "eventAnalyzer" "standardGeneric" "eventAnalyzer" 
"rbind" "rbind" "addFactorValue" "standardGeneric" "addFactorValue" "FUN" "apply" "FUN" "lapply" "FUN" "lapply" "standardAnalyzer" "fun" "eventAnalyzer" "standardGeneric" "eventAnalyzer" 
"==" "addFactorValue" "standardGeneric" "addFactorValue" "FUN" "apply" "FUN" "lapply" "FUN" "lapply" "standardAnalyzer" "fun" "eventAnalyzer" "standardGeneric" "eventAnalyzer" 
"append" "FUN" "lapply" "FUN" "lapply" "standardAnalyzer" "fun" "eventAnalyzer" "standardGeneric" "eventAnalyzer" 
"rbind" "rbind" "addFactorValue" "standardGeneric" "addFactorValue" "FUN" "apply" "FUN" "lapply" "FUN" "lapply" "standardAnalyzer" "fun" "eventAnalyzer" "standardGeneric" "eventAnalyzer" 
"match" "%in%" ".deparseOpts" "deparse" "mode" "match" "%in%" "deparse" "as.data.frame.character" "as.data.frame" "data.frame" "addFactorValue" "standardGeneric" "addFactorValue" "FUN" "apply" "FUN" "lapply" "FUN" "lapply" "standardAnalyzer" "fun" "eventAnalyzer" "standardGeneric" "eventAnalyzer" 
"sys.call" "match" "%in%" "[[.data.frame" "[[" "rbind" "rbind" "addFactorValue" "standardGeneric" "addFactorValue" "FUN" "apply" "FUN" "lapply" "FUN" "lapply" "standardAnalyzer" "fun" "eventAnalyzer" "standardGeneric" "eventAnalyzer" 
"rbind" "rbind" "addFactorValue" "standardGeneric" "addFactorValue" "FUN" "apply" "FUN" "lapply" "FUN" "lapply" "standardAnalyzer" "fun" "eventAnalyzer" "standardGeneric" "eventAnalyzer" 
"&" "addFactorValue" "standardGeneric" "addFactorValue" "FUN" "apply" "FUN" "lapply" "FUN" "lapply" "standardAnalyzer" "fun" "eventAnalyzer" "standardGeneric" "eventAnalyzer" 
"rbind" "rbind" "addFactorValue" "standardGeneric" "addFactorValue" "FUN" "apply" "FUN" "lapply" "FUN" "lapply" "standardAnalyzer" "fun" "eventAnalyzer" "standardGeneric" "eventAnalyzer" 
"structure" "rbind" "rbind" "addFactorValue" "standardGeneric" "addFactorValue" "FUN" "apply" "FUN" "lapply" "FUN" "lapply" "standardAnalyzer" "fun" "eventAnalyzer" "standardGeneric" "eventAnalyzer" 
"<Anonymous>" "[[.data.frame" "[[" "$.data.frame" "$" "addFactorValue" "standardGeneric" "addFactorValue" "FUN" "apply" "FUN" "lapply" "FUN" "lapply" "standardAnalyzer" "fun" "eventAnalyzer" "standardGeneric" "eventAnalyzer" 
"match" "%in%" "[[.data.frame" "[[" "rbind" "rbind" "addFactorValue" "standardGeneric" "addFactorValue" "FUN" "apply" "FUN" "lapply" "FUN" "lapply" "standardAnalyzer" "fun" "eventAnalyzer" "standardGeneric" "eventAnalyzer" 
"rbind" "rbind" "addFactorValue" "standardGeneric" "addFactorValue" "FUN" "apply" "FUN" "lapply" "FUN" "lapply" "standardAnalyzer" "fun" "eventAnalyzer" "standardGeneric" "eventAnalyzer" 
"==" "addFactorValue" "standardGeneric" "addFactorValue" "FUN" "apply" "FUN" "lapply" "FUN" "lapply" "standardAnalyzer" "fun" "eventAnalyzer" "standardGeneric" "eventAnalyzer" 
"rbind" "rbind" "addFactorValue" "standardGeneric" "addFactorValue" "FUN" "apply" "FUN" "lapply" "FUN" "lapply" "standardAnalyzer" "fun" "eventAnalyzer" "standardGeneric" "eventAnalyzer" 
"names" "match" "%in%" "[[.data.frame" "[[" "rbind" "rbind" "addFactorValue" "standardGeneric" "addFactorValue" "FUN" "apply" "FUN" "lapply" "FUN" "lapply" "standardAnalyzer" "fun" "eventAnalyzer" "standardGeneric" "eventAnalyzer" 
"rbind" "rbind" "addFactorValue" "standardGeneric" "addFactorValue" "FUN" "apply" "FUN" "lapply" "FUN" "lapply" "standardAnalyzer" "fun" "eventAnalyzer" "standardGeneric" "eventAnalyzer" 
"rbind" "rbind" "addFactorValue" "standardGeneric" "addFactorValue" "FUN" "apply" "FUN" "lapply" "FUN" "lapply" "standardAnalyzer" "fun" "eventAnalyzer" "standardGeneric" "eventAnalyzer" 
"rbind" "rbind" "addFactorValue" "standardGeneric" "addFactorValue" "FUN" "apply" "FUN" "lapply" "FUN" "lapply" "standardAnalyzer" "fun" "eventAnalyzer" "standardGeneric" "eventAnalyzer" 
"rbind" "rbind" "addFactorValue" "standardGeneric" "addFactorValue" "FUN" "apply" "FUN" "lapply" "FUN" "lapply" "standardAnalyzer" "fun" "eventAnalyzer" "standardGeneric" "eventAnalyzer" 
"rbind" "rbind" "addFactorValue" "standardGeneric" "addFactorValue" "FUN" "apply" "FUN" "lapply" "FUN" "lapply" "standardAnalyzer" "fun" "eventAnalyzer" "standardGeneric" "eventAnalyzer" 
".deparseOpts" "deparse" "mode" "match" "%in%" "deparse" "as.data.frame.character" "as.data.frame" "data.frame" "addFactorValue" "standardGeneric" "addFactorValue" "FUN" "apply" "FUN" "lapply" "FUN" "lapply" "standardAnalyzer" "fun" "eventAnalyzer" "standardGeneric" "eventAnalyzer" 
"names" "data.frame" "addFactorValue" "standardGeneric" "addFactorValue" "FUN" "apply" "FUN" "lapply" "FUN" "lapply" "standardAnalyzer" "fun" "eventAnalyzer" "standardGeneric" "eventAnalyzer" 
"data.frame" "addFactorValue" "standardGeneric" "addFactorValue" "FUN" "apply" "FUN" "lapply" "FUN" "lapply" "standardAnalyzer" "fun" "eventAnalyzer" "standardGeneric" "eventAnalyzer" 
"logical" "rbind" "rbind" "addFactorValue" "standardGeneric" "addFactorValue" "FUN" "apply" "FUN" "lapply" "FUN" "lapply" "standardAnalyzer" "fun" "eventAnalyzer" "standardGeneric" "eventAnalyzer" 
"rbind" "rbind" "addFactorValue" "standardGeneric" "addFactorValue" "FUN" "apply" "FUN" "lapply" "FUN" "lapply" "standardAnalyzer" "fun" "eventAnalyzer" "standardGeneric" "eventAnalyzer" 
"match" "%in%" ".deparseOpts" "deparse" "paste" "force" "as.data.frame.numeric" "as.data.frame" "data.frame" "addFactorValue" "standardGeneric" "addFactorValue" "FUN" "apply" "FUN" "lapply" "FUN" "lapply" "standardAnalyzer" "fun" "eventAnalyzer" "standardGeneric" "eventAnalyzer" 
"seq.int" "rbind" "rbind" "addFactorValue" "standardGeneric" "addFactorValue" "FUN" "apply" "FUN" "lapply" "FUN" "lapply" "standardAnalyzer" "fun" "eventAnalyzer" "standardGeneric" "eventAnalyzer" 
"rbind" "rbind" "addFactorValue" "standardGeneric" "addFactorValue" "FUN" "apply" "FUN" "lapply" "FUN" "lapply" "standardAnalyzer" "fun" "eventAnalyzer" "standardGeneric" "eventAnalyzer" 
"rbind" "rbind" "addFactorValue" "standardGeneric" "addFactorValue" "FUN" "apply" "FUN" "lapply" "FUN" "lapply" "standardAnalyzer" "fun" "eventAnalyzer" "standardGeneric" "eventAnalyzer" 
"rbind" "rbind" "addFactorValue" "standardGeneric" "addFactorValue" "FUN" "apply" "FUN" "lapply" "FUN" "lapply" "standardAnalyzer" "fun" "eventAnalyzer" "standardGeneric" "eventAnalyzer" 
"rbind" "rbind" "addFactorValue" "standardGeneric" "addFactorValue" "FUN" "apply" "FUN" "lapply" "FUN" "lapply" "standardAnalyzer" "fun" "eventAnalyzer" "standardGeneric" "eventAnalyzer" 
"[[" "rbind" "rbind" "addFactorValue" "standardGeneric" "addFactorValue" "FUN" "apply" "FUN" "lapply" "FUN" "lapply" "standardAnalyzer" "fun" "eventAnalyzer" "standardGeneric" "eventAnalyzer" 
"[[.data.frame" "[[" "rbind" "rbind" "addFactorValue" "standardGeneric" "addFactorValue" "FUN" "apply" "FUN" "lapply" "FUN" "lapply" "standardAnalyzer" "fun" "eventAnalyzer" "standardGeneric" "eventAnalyzer" 
"any" ".deparseOpts" "deparse" "mode" "match" "%in%" "deparse" "as.data.frame.character" "as.data.frame" "data.frame" "addFactorValue" "standardGeneric" "addFactorValue" "FUN" "apply" "FUN" "lapply" "FUN" "lapply" "standardAnalyzer" "fun" "eventAnalyzer" "standardGeneric" "eventAnalyzer" 
"rbind" "rbind" "addFactorValue" "standardGeneric" "addFactorValue" "FUN" "apply" "FUN" "lapply" "FUN" "lapply" "standardAnalyzer" "fun" "eventAnalyzer" "standardGeneric" "eventAnalyzer" 
"levels" "rbind" "rbind" "addFactorValue" "standardGeneric" "addFactorValue" "FUN" "apply" "FUN" "lapply" "FUN" "lapply" "standardAnalyzer" "fun" "eventAnalyzer" "standardGeneric" "eventAnalyzer" 
"rbind" "rbind" "addFactorValue" "standardGeneric" "addFactorValue" "FUN" "apply" "FUN" "lapply" "FUN" "lapply" "standardAnalyzer" "fun" "eventAnalyzer" "standardGeneric" "eventAnalyzer" 
"levels" "rbind" "rbind" "addFactorValue" "standardGeneric" "addFactorValue" "FUN" "apply" "FUN" "lapply" "FUN" "lapply" "standardAnalyzer" "fun" "eventAnalyzer" "standardGeneric" "eventAnalyzer" 
"&" "addFactorValue" "standardGeneric" "addFactorValue" "FUN" "apply" "FUN" "lapply" "FUN" "lapply" "standardAnalyzer" "fun" "eventAnalyzer" "standardGeneric" "eventAnalyzer" 
"rbind" "rbind" "addFactorValue" "standardGeneric" "addFactorValue" "FUN" "apply" "FUN" "lapply" "FUN" "lapply" "standardAnalyzer" "fun" "eventAnalyzer" "standardGeneric" "eventAnalyzer" 
"rbind" "rbind" "addFactorValue" "standardGeneric" "addFactorValue" "FUN" "apply" "FUN" "lapply" "FUN" "lapply" "standardAnalyzer" "fun" "eventAnalyzer" "standardGeneric" "eventAnalyzer" 
"==" "addFactorValue" "standardGeneric" "addFactorValue" "FUN" "apply" "FUN" "lapply" "FUN" "lapply" "standardAnalyzer" "fun" "eventAnalyzer" "standardGeneric" "eventAnalyzer" 
"$" "which" "addFactorValue" "standardGeneric" "addFactorValue" "FUN" "apply" "FUN" "lapply" "FUN" "lapply" "standardAnalyzer" "fun" "eventAnalyzer" "standardGeneric" "eventAnalyzer" 
"rbind" "rbind" "addFactorValue" "standardGeneric" "addFactorValue" "FUN" "apply" "FUN" "lapply" "FUN" "lapply" "standardAnalyzer" "fun" "eventAnalyzer" "standardGeneric" "eventAnalyzer" 
"rbind" "rbind" "addFactorValue" "standardGeneric" "addFactorValue" "FUN" "apply" "FUN" "lapply" "FUN" "lapply" "standardAnalyzer" "fun" "eventAnalyzer" "standardGeneric" "eventAnalyzer" 
"rbind" "rbind" "addFactorValue" "standardGeneric" "addFactorValue" "FUN" "apply" "FUN" "lapply" "FUN" "lapply" "standardAnalyzer" "fun" "eventAnalyzer" "standardGeneric" "eventAnalyzer" 
"rbind" "rbind" "addFactorValue" "standardGeneric" "addFactorValue" "FUN" "apply" "FUN" "lapply" "FUN" "lapply" "standardAnalyzer" "fun" "eventAnalyzer" "standardGeneric" "eventAnalyzer" 
"rbind" "rbind" "addFactorValue" "standardGeneric" "addFactorValue" "FUN" "apply" "FUN" "lapply" "FUN" "lapply" "standardAnalyzer" "fun" "eventAnalyzer" "standardGeneric" "eventAnalyzer" 
"anyDuplicated.default" "anyDuplicated" "rbind" "rbind" "addFactorValue" "standardGeneric" "addFactorValue" "FUN" "apply" "FUN" "lapply" "FUN" "lapply" "standardAnalyzer" "fun" "eventAnalyzer" "standardGeneric" "eventAnalyzer" 
"as.data.frame" "data.frame" "addFactorValue" "standardGeneric" "addFactorValue" "FUN" "apply" "FUN" "lapply" "FUN" "lapply" "standardAnalyzer" "fun" "eventAnalyzer" "standardGeneric" "eventAnalyzer" 
"deparse" "mode" "match" "%in%" "deparse" "paste" "force" "as.data.frame.numeric" "as.data.frame" "data.frame" "addFactorValue" "standardGeneric" "addFactorValue" "FUN" "apply" "FUN" "lapply" "FUN" "lapply" "standardAnalyzer" "fun" "eventAnalyzer" "standardGeneric" "eventAnalyzer" 
"deparse" "paste" "force" "as.data.frame.numeric" "as.data.frame" "data.frame" "addFactorValue" "standardGeneric" "addFactorValue" "FUN" "apply" "FUN" "lapply" "FUN" "lapply" "standardAnalyzer" "fun" "eventAnalyzer" "standardGeneric" "eventAnalyzer" 
"as.character" "data.frame" "addFactorValue" "standardGeneric" "addFactorValue" "FUN" "apply" "FUN" "lapply" "FUN" "lapply" "standardAnalyzer" "fun" "eventAnalyzer" "standardGeneric" "eventAnalyzer" 
"rbind" "rbind" "addFactorValue" "standardGeneric" "addFactorValue" "FUN" "apply" "FUN" "lapply" "FUN" "lapply" "standardAnalyzer" "fun" "eventAnalyzer" "standardGeneric" "eventAnalyzer" 
